<?xml version="1.0" encoding="UTF-8"?>
<testng-results ignored="0" total="1" passed="1" failed="0" skipped="0">
  <reporter-output>
  </reporter-output>
  <suite started-at="2020-01-28T10:22:41Z" name="Default suite" finished-at="2020-01-28T10:22:59Z" duration-ms="17138">
    <groups>
    </groups>
    <test started-at="2020-01-28T10:22:41Z" name="Default test" finished-at="2020-01-28T10:22:59Z" duration-ms="17138">
      <class name="MakeMytrip.MMT.AppTest">
        <test-method is-config="true" signature="InvokeBrowser()[pri:0, instance:MakeMytrip.MMT.AppTest@20d525]" started-at="2020-01-28T10:22:41Z" name="InvokeBrowser" finished-at="2020-01-28T10:22:53Z" duration-ms="11691" status="PASS">
          <reporter-output>
          </reporter-output>
        </test-method> <!-- InvokeBrowser -->
        <test-method signature="test1()[pri:0, instance:MakeMytrip.MMT.AppTest@20d525]" started-at="2020-01-28T10:22:53Z" name="test1" finished-at="2020-01-28T10:22:59Z" duration-ms="5415" status="PASS">
          <reporter-output>
          </reporter-output>
        </test-method> <!-- test1 -->
      </class> <!-- MakeMytrip.MMT.AppTest -->
    </test> <!-- Default test -->
  </suite> <!-- Default suite -->
</testng-results>
